/usr/bin/ruby -r ./siteconf20151201-8070-u726w8.rb extconf.rb
checking for ffi_call() in -lffi... yes
checking for ffi_prep_closure()... yes
checking for ffi_raw_call()... yes
checking for ffi_prep_raw_closure()... yes
checking for rb_thread_blocking_region()... no
checking for rb_thread_call_with_gvl()... yes
checking for rb_thread_call_without_gvl()... yes
checking for ffi_prep_cif_var()... yes
creating extconf.h
creating Makefile

make "DESTDIR=" clean

make "DESTDIR="
compiling MappedType.c
compiling ClosurePool.c
compiling Pointer.c
compiling Type.c
compiling MemoryPointer.c
compiling LongDouble.c
compiling Function.c
Function.c: In function ‘async_cb_event’:
Function.c:563:9: warning: implicit declaration of function ‘rb_thread_call_without_gvl’ [-Wimplicit-function-declaration]
         rb_thread_call_without_gvl(async_cb_wait, &w, async_cb_stop, &w);
         ^
compiling DynamicLibrary.c
compiling Types.c
compiling StructByValue.c
compiling Call.c
In file included from Call.c:62:0:
Call.c: In function ‘do_blocking_call’:
Thread.h:78:39: warning: implicit declaration of function ‘rb_thread_call_without_gvl’ [-Wimplicit-function-declaration]
 # define rbffi_thread_blocking_region rb_thread_call_without_gvl
                                       ^
Call.c:368:5: note: in expansion of macro ‘rbffi_thread_blocking_region’
     rbffi_thread_blocking_region(call_blocking_function, data, (void *) -1, NULL);
     ^
compiling LastError.c
compiling ArrayType.c
compiling Buffer.c
compiling StructLayout.c
compiling Variadic.c
compiling AbstractMemory.c
compiling FunctionInfo.c
compiling Thread.c
compiling Struct.c
compiling StructByReference.c
compiling DataConverter.c
compiling ffi.c
compiling MethodHandle.c
compiling Platform.c
linking shared-object ffi_c.so

make "DESTDIR=" install
/usr/bin/install -c -m 0755 ffi_c.so ./.gem.20151201-8070-gbuump
